<?xml version="1.0" encoding="UTF-8"?>
<testsuite xmlns:xsi="http://www.w3.org/2001/XMLSchema-instance" xsi:noNamespaceSchemaLocation="https://maven.apache.org/surefire/maven-surefire-plugin/xsd/surefire-test-report.xsd" name="com.wen.springboot.demo_01.AppTest" time="0.023" tests="1" errors="0" skipped="0" failures="0">
  <properties>
    <property name="sun.desktop" value="windows"/>
    <property name="awt.toolkit" value="sun.awt.windows.WToolkit"/>
    <property name="file.encoding.pkg" value="sun.io"/>
    <property name="java.specification.version" value="1.8"/>
    <property name="sun.cpu.isalist" value="amd64"/>
    <property name="sun.jnu.encoding" value="GBK"/>
    <property name="java.class.path" value="G:\softData\eclipse\workSpaceTest\demo_01\target\test-classes;G:\softData\eclipse\workSpaceTest\demo_01\target\classes;F:\maven\repository\org\springframework\boot\spring-boot-starter-web\1.5.2.RELEASE\spring-boot-starter-web-1.5.2.RELEASE.jar;F:\maven\repository\org\springframework\boot\spring-boot-starter\1.5.2.RELEASE\spring-boot-starter-1.5.2.RELEASE.jar;F:\maven\repository\org\springframework\boot\spring-boot\1.5.2.RELEASE\spring-boot-1.5.2.RELEASE.jar;F:\maven\repository\org\springframework\boot\spring-boot-autoconfigure\1.5.2.RELEASE\spring-boot-autoconfigure-1.5.2.RELEASE.jar;F:\maven\repository\org\springframework\boot\spring-boot-starter-logging\1.5.2.RELEASE\spring-boot-starter-logging-1.5.2.RELEASE.jar;F:\maven\repository\ch\qos\logback\logback-classic\1.1.11\logback-classic-1.1.11.jar;F:\maven\repository\ch\qos\logback\logback-core\1.1.11\logback-core-1.1.11.jar;F:\maven\repository\org\slf4j\jcl-over-slf4j\1.7.24\jcl-over-slf4j-1.7.24.jar;F:\maven\repository\org\slf4j\jul-to-slf4j\1.7.24\jul-to-slf4j-1.7.24.jar;F:\maven\repository\org\slf4j\log4j-over-slf4j\1.7.24\log4j-over-slf4j-1.7.24.jar;F:\maven\repository\org\yaml\snakeyaml\1.17\snakeyaml-1.17.jar;F:\maven\repository\org\springframework\boot\spring-boot-starter-tomcat\1.5.2.RELEASE\spring-boot-starter-tomcat-1.5.2.RELEASE.jar;F:\maven\repository\org\apache\tomcat\embed\tomcat-embed-core\8.5.11\tomcat-embed-core-8.5.11.jar;F:\maven\repository\org\apache\tomcat\embed\tomcat-embed-el\8.5.11\tomcat-embed-el-8.5.11.jar;F:\maven\repository\org\apache\tomcat\embed\tomcat-embed-websocket\8.5.11\tomcat-embed-websocket-8.5.11.jar;F:\maven\repository\org\hibernate\hibernate-validator\5.3.4.Final\hibernate-validator-5.3.4.Final.jar;F:\maven\repository\javax\validation\validation-api\1.1.0.Final\validation-api-1.1.0.Final.jar;F:\maven\repository\org\jboss\logging\jboss-logging\3.3.0.Final\jboss-logging-3.3.0.Final.jar;F:\maven\repository\com\fasterxml\classmate\1.3.3\classmate-1.3.3.jar;F:\maven\repository\com\fasterxml\jackson\core\jackson-databind\2.8.7\jackson-databind-2.8.7.jar;F:\maven\repository\com\fasterxml\jackson\core\jackson-annotations\2.8.0\jackson-annotations-2.8.0.jar;F:\maven\repository\com\fasterxml\jackson\core\jackson-core\2.8.7\jackson-core-2.8.7.jar;F:\maven\repository\org\springframework\spring-web\4.3.7.RELEASE\spring-web-4.3.7.RELEASE.jar;F:\maven\repository\org\springframework\spring-aop\4.3.7.RELEASE\spring-aop-4.3.7.RELEASE.jar;F:\maven\repository\org\springframework\spring-beans\4.3.7.RELEASE\spring-beans-4.3.7.RELEASE.jar;F:\maven\repository\org\springframework\spring-context\4.3.7.RELEASE\spring-context-4.3.7.RELEASE.jar;F:\maven\repository\org\springframework\spring-webmvc\4.3.7.RELEASE\spring-webmvc-4.3.7.RELEASE.jar;F:\maven\repository\org\springframework\spring-expression\4.3.7.RELEASE\spring-expression-4.3.7.RELEASE.jar;F:\maven\repository\org\springframework\boot\spring-boot-starter-actuator\1.5.2.RELEASE\spring-boot-starter-actuator-1.5.2.RELEASE.jar;F:\maven\repository\org\springframework\boot\spring-boot-actuator\1.5.2.RELEASE\spring-boot-actuator-1.5.2.RELEASE.jar;F:\maven\repository\org\springframework\boot\spring-boot-starter-test\1.5.2.RELEASE\spring-boot-starter-test-1.5.2.RELEASE.jar;F:\maven\repository\org\springframework\boot\spring-boot-test\1.5.2.RELEASE\spring-boot-test-1.5.2.RELEASE.jar;F:\maven\repository\org\springframework\boot\spring-boot-test-autoconfigure\1.5.2.RELEASE\spring-boot-test-autoconfigure-1.5.2.RELEASE.jar;F:\maven\repository\com\jayway\jsonpath\json-path\2.2.0\json-path-2.2.0.jar;F:\maven\repository\net\minidev\json-smart\2.2.1\json-smart-2.2.1.jar;F:\maven\repository\net\minidev\accessors-smart\1.1\accessors-smart-1.1.jar;F:\maven\repository\org\ow2\asm\asm\5.0.3\asm-5.0.3.jar;F:\maven\repository\org\slf4j\slf4j-api\1.7.24\slf4j-api-1.7.24.jar;F:\maven\repository\junit\junit\4.12\junit-4.12.jar;F:\maven\repository\org\assertj\assertj-core\2.6.0\assertj-core-2.6.0.jar;F:\maven\repository\org\mockito\mockito-core\1.10.19\mockito-core-1.10.19.jar;F:\maven\repository\org\objenesis\objenesis\2.1\objenesis-2.1.jar;F:\maven\repository\org\hamcrest\hamcrest-core\1.3\hamcrest-core-1.3.jar;F:\maven\repository\org\hamcrest\hamcrest-library\1.3\hamcrest-library-1.3.jar;F:\maven\repository\org\skyscreamer\jsonassert\1.4.0\jsonassert-1.4.0.jar;F:\maven\repository\com\vaadin\external\google\android-json\0.0.20131108.vaadin1\android-json-0.0.20131108.vaadin1.jar;F:\maven\repository\org\springframework\spring-core\4.3.7.RELEASE\spring-core-4.3.7.RELEASE.jar;F:\maven\repository\org\springframework\spring-test\4.3.7.RELEASE\spring-test-4.3.7.RELEASE.jar;"/>
    <property name="java.vm.vendor" value="Oracle Corporation"/>
    <property name="sun.arch.data.model" value="64"/>
    <property name="user.variant" value=""/>
    <property name="java.vendor.url" value="http://java.oracle.com/"/>
    <property name="user.timezone" value="Asia/Shanghai"/>
    <property name="java.vm.specification.version" value="1.8"/>
    <property name="os.name" value="Windows 10"/>
    <property name="user.country" value="CN"/>
    <property name="sun.java.launcher" value="SUN_STANDARD"/>
    <property name="sun.boot.library.path" value="C:\Program Files\Java\jre1.8.0_144\bin"/>
    <property name="sun.java.command" value="C:\Users\WENDON~1\AppData\Local\Temp\surefire4081470323272620784\surefirebooter8254385104306878987.jar C:\Users\wendongsong\AppData\Local\Temp\surefire4081470323272620784 2019-04-02T16-14-35_244-jvmRun1 surefire910766393066355357tmp surefire_06022530948079834352tmp"/>
    <property name="surefire.test.class.path" value="G:\softData\eclipse\workSpaceTest\demo_01\target\test-classes;G:\softData\eclipse\workSpaceTest\demo_01\target\classes;F:\maven\repository\org\springframework\boot\spring-boot-starter-web\1.5.2.RELEASE\spring-boot-starter-web-1.5.2.RELEASE.jar;F:\maven\repository\org\springframework\boot\spring-boot-starter\1.5.2.RELEASE\spring-boot-starter-1.5.2.RELEASE.jar;F:\maven\repository\org\springframework\boot\spring-boot\1.5.2.RELEASE\spring-boot-1.5.2.RELEASE.jar;F:\maven\repository\org\springframework\boot\spring-boot-autoconfigure\1.5.2.RELEASE\spring-boot-autoconfigure-1.5.2.RELEASE.jar;F:\maven\repository\org\springframework\boot\spring-boot-starter-logging\1.5.2.RELEASE\spring-boot-starter-logging-1.5.2.RELEASE.jar;F:\maven\repository\ch\qos\logback\logback-classic\1.1.11\logback-classic-1.1.11.jar;F:\maven\repository\ch\qos\logback\logback-core\1.1.11\logback-core-1.1.11.jar;F:\maven\repository\org\slf4j\jcl-over-slf4j\1.7.24\jcl-over-slf4j-1.7.24.jar;F:\maven\repository\org\slf4j\jul-to-slf4j\1.7.24\jul-to-slf4j-1.7.24.jar;F:\maven\repository\org\slf4j\log4j-over-slf4j\1.7.24\log4j-over-slf4j-1.7.24.jar;F:\maven\repository\org\yaml\snakeyaml\1.17\snakeyaml-1.17.jar;F:\maven\repository\org\springframework\boot\spring-boot-starter-tomcat\1.5.2.RELEASE\spring-boot-starter-tomcat-1.5.2.RELEASE.jar;F:\maven\repository\org\apache\tomcat\embed\tomcat-embed-core\8.5.11\tomcat-embed-core-8.5.11.jar;F:\maven\repository\org\apache\tomcat\embed\tomcat-embed-el\8.5.11\tomcat-embed-el-8.5.11.jar;F:\maven\repository\org\apache\tomcat\embed\tomcat-embed-websocket\8.5.11\tomcat-embed-websocket-8.5.11.jar;F:\maven\repository\org\hibernate\hibernate-validator\5.3.4.Final\hibernate-validator-5.3.4.Final.jar;F:\maven\repository\javax\validation\validation-api\1.1.0.Final\validation-api-1.1.0.Final.jar;F:\maven\repository\org\jboss\logging\jboss-logging\3.3.0.Final\jboss-logging-3.3.0.Final.jar;F:\maven\repository\com\fasterxml\classmate\1.3.3\classmate-1.3.3.jar;F:\maven\repository\com\fasterxml\jackson\core\jackson-databind\2.8.7\jackson-databind-2.8.7.jar;F:\maven\repository\com\fasterxml\jackson\core\jackson-annotations\2.8.0\jackson-annotations-2.8.0.jar;F:\maven\repository\com\fasterxml\jackson\core\jackson-core\2.8.7\jackson-core-2.8.7.jar;F:\maven\repository\org\springframework\spring-web\4.3.7.RELEASE\spring-web-4.3.7.RELEASE.jar;F:\maven\repository\org\springframework\spring-aop\4.3.7.RELEASE\spring-aop-4.3.7.RELEASE.jar;F:\maven\repository\org\springframework\spring-beans\4.3.7.RELEASE\spring-beans-4.3.7.RELEASE.jar;F:\maven\repository\org\springframework\spring-context\4.3.7.RELEASE\spring-context-4.3.7.RELEASE.jar;F:\maven\repository\org\springframework\spring-webmvc\4.3.7.RELEASE\spring-webmvc-4.3.7.RELEASE.jar;F:\maven\repository\org\springframework\spring-expression\4.3.7.RELEASE\spring-expression-4.3.7.RELEASE.jar;F:\maven\repository\org\springframework\boot\spring-boot-starter-actuator\1.5.2.RELEASE\spring-boot-starter-actuator-1.5.2.RELEASE.jar;F:\maven\repository\org\springframework\boot\spring-boot-actuator\1.5.2.RELEASE\spring-boot-actuator-1.5.2.RELEASE.jar;F:\maven\repository\org\springframework\boot\spring-boot-starter-test\1.5.2.RELEASE\spring-boot-starter-test-1.5.2.RELEASE.jar;F:\maven\repository\org\springframework\boot\spring-boot-test\1.5.2.RELEASE\spring-boot-test-1.5.2.RELEASE.jar;F:\maven\repository\org\springframework\boot\spring-boot-test-autoconfigure\1.5.2.RELEASE\spring-boot-test-autoconfigure-1.5.2.RELEASE.jar;F:\maven\repository\com\jayway\jsonpath\json-path\2.2.0\json-path-2.2.0.jar;F:\maven\repository\net\minidev\json-smart\2.2.1\json-smart-2.2.1.jar;F:\maven\repository\net\minidev\accessors-smart\1.1\accessors-smart-1.1.jar;F:\maven\repository\org\ow2\asm\asm\5.0.3\asm-5.0.3.jar;F:\maven\repository\org\slf4j\slf4j-api\1.7.24\slf4j-api-1.7.24.jar;F:\maven\repository\junit\junit\4.12\junit-4.12.jar;F:\maven\repository\org\assertj\assertj-core\2.6.0\assertj-core-2.6.0.jar;F:\maven\repository\org\mockito\mockito-core\1.10.19\mockito-core-1.10.19.jar;F:\maven\repository\org\objenesis\objenesis\2.1\objenesis-2.1.jar;F:\maven\repository\org\hamcrest\hamcrest-core\1.3\hamcrest-core-1.3.jar;F:\maven\repository\org\hamcrest\hamcrest-library\1.3\hamcrest-library-1.3.jar;F:\maven\repository\org\skyscreamer\jsonassert\1.4.0\jsonassert-1.4.0.jar;F:\maven\repository\com\vaadin\external\google\android-json\0.0.20131108.vaadin1\android-json-0.0.20131108.vaadin1.jar;F:\maven\repository\org\springframework\spring-core\4.3.7.RELEASE\spring-core-4.3.7.RELEASE.jar;F:\maven\repository\org\springframework\spring-test\4.3.7.RELEASE\spring-test-4.3.7.RELEASE.jar;"/>
    <property name="sun.cpu.endian" value="little"/>
    <property name="user.home" value="C:\Users\wendongsong"/>
    <property name="user.language" value="zh"/>
    <property name="java.specification.vendor" value="Oracle Corporation"/>
    <property name="java.home" value="C:\Program Files\Java\jre1.8.0_144"/>
    <property name="basedir" value="G:\softData\eclipse\workSpaceTest\demo_01"/>
    <property name="file.separator" value="\"/>
    <property name="line.separator" value="&#10;"/>
    <property name="java.vm.specification.vendor" value="Oracle Corporation"/>
    <property name="java.specification.name" value="Java Platform API Specification"/>
    <property name="java.awt.graphicsenv" value="sun.awt.Win32GraphicsEnvironment"/>
    <property name="surefire.real.class.path" value="C:\Users\WENDON~1\AppData\Local\Temp\surefire4081470323272620784\surefirebooter8254385104306878987.jar"/>
    <property name="sun.boot.class.path" value="C:\Program Files\Java\jre1.8.0_144\lib\resources.jar;C:\Program Files\Java\jre1.8.0_144\lib\rt.jar;C:\Program Files\Java\jre1.8.0_144\lib\sunrsasign.jar;C:\Program Files\Java\jre1.8.0_144\lib\jsse.jar;C:\Program Files\Java\jre1.8.0_144\lib\jce.jar;C:\Program Files\Java\jre1.8.0_144\lib\charsets.jar;C:\Program Files\Java\jre1.8.0_144\lib\jfr.jar;C:\Program Files\Java\jre1.8.0_144\classes"/>
    <property name="user.script" value=""/>
    <property name="sun.management.compiler" value="HotSpot 64-Bit Tiered Compilers"/>
    <property name="java.runtime.version" value="1.8.0_144-b01"/>
    <property name="user.name" value="wendongsong"/>
    <property name="path.separator" value=";"/>
    <property name="os.version" value="10.0"/>
    <property name="java.endorsed.dirs" value="C:\Program Files\Java\jre1.8.0_144\lib\endorsed"/>
    <property name="java.runtime.name" value="Java(TM) SE Runtime Environment"/>
    <property name="file.encoding" value="GBK"/>
    <property name="java.vm.name" value="Java HotSpot(TM) 64-Bit Server VM"/>
    <property name="localRepository" value="F:\maven\repository"/>
    <property name="java.vendor.url.bug" value="http://bugreport.sun.com/bugreport/"/>
    <property name="java.io.tmpdir" value="C:\Users\WENDON~1\AppData\Local\Temp\"/>
    <property name="java.version" value="1.8.0_144"/>
    <property name="user.dir" value="G:\softData\eclipse\workSpaceTest\demo_01"/>
    <property name="os.arch" value="amd64"/>
    <property name="java.vm.specification.name" value="Java Virtual Machine Specification"/>
    <property name="java.awt.printerjob" value="sun.awt.windows.WPrinterJob"/>
    <property name="sun.os.patch.level" value=""/>
    <property name="java.library.path" value="C:\Program Files\Java\jre1.8.0_144\bin;C:\Windows\Sun\Java\bin;C:\Windows\system32;C:\Windows;F:\app\wendongsong\product\11.2.0\client_1;F:\app\wendongsong\product\11.2.0\dbhome_1\bin;C:\ProgramData\Oracle\Java\javapath;C:\Windows\system32;C:\Windows;C:\Windows\System32\Wbem;C:\Windows\System32\WindowsPowerShell\v1.0\;C:\Program Files\Java\jdk1.8.0_144\bin;C:\Program Files\Java\jdk1.8.0_144\jre\bin;G:\softHome\maven\apache-maven-3.5.0\bin;E:\Program Files\TortoiseSVN\bin;C:\Program Files\Git\cmd;C:\Users\wendongsong\AppData\Local\Microsoft\WindowsApps;;."/>
    <property name="java.vm.info" value="mixed mode"/>
    <property name="java.vendor" value="Oracle Corporation"/>
    <property name="java.vm.version" value="25.144-b01"/>
    <property name="java.ext.dirs" value="C:\Program Files\Java\jre1.8.0_144\lib\ext;C:\Windows\Sun\Java\lib\ext"/>
    <property name="sun.io.unicode.encoding" value="UnicodeLittle"/>
    <property name="java.class.version" value="52.0"/>
  </properties>
  <testcase name="shouldAnswerWithTrue" classname="com.wen.springboot.demo_01.AppTest" time="0.001"/>
</testsuite>