<?xml version="1.0" encoding="UTF-8"?>
<testsuite xmlns:xsi="http://www.w3.org/2001/XMLSchema-instance" xsi:noNamespaceSchemaLocation="https://maven.apache.org/surefire/maven-surefire-plugin/xsd/surefire-test-report.xsd" name="com.wen.springboot.eureka_server.AppTest" time="0.025" tests="1" errors="0" skipped="0" failures="0">
  <properties>
    <property name="sun.desktop" value="windows"/>
    <property name="awt.toolkit" value="sun.awt.windows.WToolkit"/>
    <property name="file.encoding.pkg" value="sun.io"/>
    <property name="java.specification.version" value="1.8"/>
    <property name="sun.cpu.isalist" value="amd64"/>
    <property name="sun.jnu.encoding" value="GBK"/>
    <property name="java.class.path" value="G:\softData\eclipse\workSpaceTest\eureka-server\target\test-classes;G:\softData\eclipse\workSpaceTest\eureka-server\target\classes;F:\maven\repository\org\springframework\cloud\spring-cloud-starter-eureka-server\1.3.4.RELEASE\spring-cloud-starter-eureka-server-1.3.4.RELEASE.jar;F:\maven\repository\org\springframework\cloud\spring-cloud-starter\1.2.3.RELEASE\spring-cloud-starter-1.2.3.RELEASE.jar;F:\maven\repository\org\springframework\cloud\spring-cloud-context\1.2.3.RELEASE\spring-cloud-context-1.2.3.RELEASE.jar;F:\maven\repository\org\springframework\security\spring-security-crypto\4.2.3.RELEASE\spring-security-crypto-4.2.3.RELEASE.jar;F:\maven\repository\org\springframework\cloud\spring-cloud-commons\1.2.3.RELEASE\spring-cloud-commons-1.2.3.RELEASE.jar;F:\maven\repository\org\springframework\security\spring-security-rsa\1.0.3.RELEASE\spring-security-rsa-1.0.3.RELEASE.jar;F:\maven\repository\org\bouncycastle\bcpkix-jdk15on\1.55\bcpkix-jdk15on-1.55.jar;F:\maven\repository\org\bouncycastle\bcprov-jdk15on\1.55\bcprov-jdk15on-1.55.jar;F:\maven\repository\org\springframework\cloud\spring-cloud-netflix-eureka-server\1.3.4.RELEASE\spring-cloud-netflix-eureka-server-1.3.4.RELEASE.jar;F:\maven\repository\org\springframework\boot\spring-boot-starter-web\1.5.6.RELEASE\spring-boot-starter-web-1.5.6.RELEASE.jar;F:\maven\repository\org\springframework\boot\spring-boot-starter-tomcat\1.5.6.RELEASE\spring-boot-starter-tomcat-1.5.6.RELEASE.jar;F:\maven\repository\org\apache\tomcat\embed\tomcat-embed-core\8.5.16\tomcat-embed-core-8.5.16.jar;F:\maven\repository\org\apache\tomcat\embed\tomcat-embed-el\8.5.16\tomcat-embed-el-8.5.16.jar;F:\maven\repository\org\apache\tomcat\embed\tomcat-embed-websocket\8.5.16\tomcat-embed-websocket-8.5.16.jar;F:\maven\repository\org\hibernate\hibernate-validator\5.3.5.Final\hibernate-validator-5.3.5.Final.jar;F:\maven\repository\javax\validation\validation-api\1.1.0.Final\validation-api-1.1.0.Final.jar;F:\maven\repository\org\jboss\logging\jboss-logging\3.3.1.Final\jboss-logging-3.3.1.Final.jar;F:\maven\repository\com\fasterxml\classmate\1.3.3\classmate-1.3.3.jar;F:\maven\repository\org\springframework\spring-webmvc\4.3.10.RELEASE\spring-webmvc-4.3.10.RELEASE.jar;F:\maven\repository\org\springframework\boot\spring-boot-starter-actuator\1.5.6.RELEASE\spring-boot-starter-actuator-1.5.6.RELEASE.jar;F:\maven\repository\org\springframework\boot\spring-boot-actuator\1.5.6.RELEASE\spring-boot-actuator-1.5.6.RELEASE.jar;F:\maven\repository\org\springframework\boot\spring-boot-starter-freemarker\1.5.6.RELEASE\spring-boot-starter-freemarker-1.5.6.RELEASE.jar;F:\maven\repository\org\freemarker\freemarker\2.3.26-incubating\freemarker-2.3.26-incubating.jar;F:\maven\repository\org\springframework\spring-context-support\4.3.10.RELEASE\spring-context-support-4.3.10.RELEASE.jar;F:\maven\repository\org\springframework\cloud\spring-cloud-netflix-core\1.3.4.RELEASE\spring-cloud-netflix-core-1.3.4.RELEASE.jar;F:\maven\repository\org\springframework\cloud\spring-cloud-netflix-eureka-client\1.3.4.RELEASE\spring-cloud-netflix-eureka-client-1.3.4.RELEASE.jar;F:\maven\repository\com\netflix\eureka\eureka-client\1.6.2\eureka-client-1.6.2.jar;F:\maven\repository\org\codehaus\jettison\jettison\1.3.7\jettison-1.3.7.jar;F:\maven\repository\stax\stax-api\1.0.1\stax-api-1.0.1.jar;F:\maven\repository\com\netflix\netflix-commons\netflix-eventbus\0.3.0\netflix-eventbus-0.3.0.jar;F:\maven\repository\com\netflix\netflix-commons\netflix-infix\0.3.0\netflix-infix-0.3.0.jar;F:\maven\repository\commons-jxpath\commons-jxpath\1.3\commons-jxpath-1.3.jar;F:\maven\repository\joda-time\joda-time\2.9.9\joda-time-2.9.9.jar;F:\maven\repository\org\antlr\antlr-runtime\3.4\antlr-runtime-3.4.jar;F:\maven\repository\org\antlr\stringtemplate\3.2.1\stringtemplate-3.2.1.jar;F:\maven\repository\antlr\antlr\2.7.7\antlr-2.7.7.jar;F:\maven\repository\com\google\code\gson\gson\2.8.1\gson-2.8.1.jar;F:\maven\repository\org\apache\commons\commons-math\2.2\commons-math-2.2.jar;F:\maven\repository\javax\ws\rs\jsr311-api\1.1.1\jsr311-api-1.1.1.jar;F:\maven\repository\com\netflix\servo\servo-core\0.10.1\servo-core-0.10.1.jar;F:\maven\repository\com\netflix\servo\servo-internal\0.10.1\servo-internal-0.10.1.jar;F:\maven\repository\com\sun\jersey\jersey-core\1.19.1\jersey-core-1.19.1.jar;F:\maven\repository\com\sun\jersey\jersey-client\1.19.1\jersey-client-1.19.1.jar;F:\maven\repository\com\sun\jersey\contribs\jersey-apache-client4\1.19.1\jersey-apache-client4-1.19.1.jar;F:\maven\repository\org\apache\httpcomponents\httpclient\4.5.3\httpclient-4.5.3.jar;F:\maven\repository\org\apache\httpcomponents\httpcore\4.4.6\httpcore-4.4.6.jar;F:\maven\repository\commons-codec\commons-codec\1.10\commons-codec-1.10.jar;F:\maven\repository\com\google\inject\guice\4.1.0\guice-4.1.0.jar;F:\maven\repository\aopalliance\aopalliance\1.0\aopalliance-1.0.jar;F:\maven\repository\com\sun\jersey\jersey-servlet\1.19.1\jersey-servlet-1.19.1.jar;F:\maven\repository\com\sun\jersey\jersey-server\1.19.1\jersey-server-1.19.1.jar;F:\maven\repository\com\netflix\eureka\eureka-core\1.6.2\eureka-core-1.6.2.jar;F:\maven\repository\org\codehaus\woodstox\woodstox-core-asl\4.4.1\woodstox-core-asl-4.4.1.jar;F:\maven\repository\javax\xml\stream\stax-api\1.0-2\stax-api-1.0-2.jar;F:\maven\repository\com\netflix\archaius\archaius-core\0.7.4\archaius-core-0.7.4.jar;F:\maven\repository\com\google\code\findbugs\jsr305\3.0.1\jsr305-3.0.1.jar;F:\maven\repository\javax\inject\javax.inject\1\javax.inject-1.jar;F:\maven\repository\com\fasterxml\jackson\dataformat\jackson-dataformat-xml\2.8.9\jackson-dataformat-xml-2.8.9.jar;F:\maven\repository\com\fasterxml\jackson\module\jackson-module-jaxb-annotations\2.8.9\jackson-module-jaxb-annotations-2.8.9.jar;F:\maven\repository\org\codehaus\woodstox\stax2-api\3.1.4\stax2-api-3.1.4.jar;F:\maven\repository\com\fasterxml\woodstox\woodstox-core\5.0.3\woodstox-core-5.0.3.jar;F:\maven\repository\com\thoughtworks\xstream\xstream\1.4.9\xstream-1.4.9.jar;F:\maven\repository\xmlpull\xmlpull\1.1.3.1\xmlpull-1.1.3.1.jar;F:\maven\repository\xpp3\xpp3_min\1.1.4c\xpp3_min-1.1.4c.jar;F:\maven\repository\org\springframework\cloud\spring-cloud-starter-archaius\1.3.4.RELEASE\spring-cloud-starter-archaius-1.3.4.RELEASE.jar;F:\maven\repository\commons-configuration\commons-configuration\1.8\commons-configuration-1.8.jar;F:\maven\repository\commons-lang\commons-lang\2.6\commons-lang-2.6.jar;F:\maven\repository\com\fasterxml\jackson\core\jackson-annotations\2.8.0\jackson-annotations-2.8.0.jar;F:\maven\repository\com\fasterxml\jackson\core\jackson-core\2.8.9\jackson-core-2.8.9.jar;F:\maven\repository\com\fasterxml\jackson\core\jackson-databind\2.8.9\jackson-databind-2.8.9.jar;F:\maven\repository\com\google\guava\guava\18.0\guava-18.0.jar;F:\maven\repository\org\springframework\cloud\spring-cloud-starter-ribbon\1.3.4.RELEASE\spring-cloud-starter-ribbon-1.3.4.RELEASE.jar;F:\maven\repository\com\netflix\ribbon\ribbon\2.2.2\ribbon-2.2.2.jar;F:\maven\repository\com\netflix\ribbon\ribbon-transport\2.2.2\ribbon-transport-2.2.2.jar;F:\maven\repository\io\reactivex\rxnetty-contexts\0.4.9\rxnetty-contexts-0.4.9.jar;F:\maven\repository\io\reactivex\rxnetty-servo\0.4.9\rxnetty-servo-0.4.9.jar;F:\maven\repository\com\netflix\hystrix\hystrix-core\1.5.12\hystrix-core-1.5.12.jar;F:\maven\repository\org\hdrhistogram\HdrHistogram\2.1.9\HdrHistogram-2.1.9.jar;F:\maven\repository\io\reactivex\rxnetty\0.4.9\rxnetty-0.4.9.jar;F:\maven\repository\io\netty\netty-codec-http\4.0.27.Final\netty-codec-http-4.0.27.Final.jar;F:\maven\repository\io\netty\netty-codec\4.0.27.Final\netty-codec-4.0.27.Final.jar;F:\maven\repository\io\netty\netty-handler\4.0.27.Final\netty-handler-4.0.27.Final.jar;F:\maven\repository\io\netty\netty-transport-native-epoll\4.0.27.Final\netty-transport-native-epoll-4.0.27.Final.jar;F:\maven\repository\io\netty\netty-common\4.0.27.Final\netty-common-4.0.27.Final.jar;F:\maven\repository\io\netty\netty-buffer\4.0.27.Final\netty-buffer-4.0.27.Final.jar;F:\maven\repository\io\netty\netty-transport\4.0.27.Final\netty-transport-4.0.27.Final.jar;F:\maven\repository\com\netflix\ribbon\ribbon-core\2.2.2\ribbon-core-2.2.2.jar;F:\maven\repository\com\netflix\ribbon\ribbon-httpclient\2.2.2\ribbon-httpclient-2.2.2.jar;F:\maven\repository\commons-collections\commons-collections\3.2.2\commons-collections-3.2.2.jar;F:\maven\repository\com\netflix\netflix-commons\netflix-commons-util\0.1.1\netflix-commons-util-0.1.1.jar;F:\maven\repository\com\netflix\ribbon\ribbon-loadbalancer\2.2.2\ribbon-loadbalancer-2.2.2.jar;F:\maven\repository\com\netflix\netflix-commons\netflix-statistics\0.1.1\netflix-statistics-0.1.1.jar;F:\maven\repository\io\reactivex\rxjava\1.1.10\rxjava-1.1.10.jar;F:\maven\repository\com\netflix\ribbon\ribbon-eureka\2.2.2\ribbon-eureka-2.2.2.jar;F:\maven\repository\org\slf4j\slf4j-api\1.7.25\slf4j-api-1.7.25.jar;F:\maven\repository\org\springframework\boot\spring-boot-starter-security\1.5.6.RELEASE\spring-boot-starter-security-1.5.6.RELEASE.jar;F:\maven\repository\org\springframework\boot\spring-boot-starter\1.5.6.RELEASE\spring-boot-starter-1.5.6.RELEASE.jar;F:\maven\repository\org\springframework\boot\spring-boot\1.5.6.RELEASE\spring-boot-1.5.6.RELEASE.jar;F:\maven\repository\org\springframework\boot\spring-boot-autoconfigure\1.5.6.RELEASE\spring-boot-autoconfigure-1.5.6.RELEASE.jar;F:\maven\repository\org\springframework\boot\spring-boot-starter-logging\1.5.6.RELEASE\spring-boot-starter-logging-1.5.6.RELEASE.jar;F:\maven\repository\ch\qos\logback\logback-classic\1.1.11\logback-classic-1.1.11.jar;F:\maven\repository\ch\qos\logback\logback-core\1.1.11\logback-core-1.1.11.jar;F:\maven\repository\org\slf4j\jcl-over-slf4j\1.7.25\jcl-over-slf4j-1.7.25.jar;F:\maven\repository\org\slf4j\jul-to-slf4j\1.7.25\jul-to-slf4j-1.7.25.jar;F:\maven\repository\org\slf4j\log4j-over-slf4j\1.7.25\log4j-over-slf4j-1.7.25.jar;F:\maven\repository\org\springframework\spring-core\4.3.10.RELEASE\spring-core-4.3.10.RELEASE.jar;F:\maven\repository\org\yaml\snakeyaml\1.17\snakeyaml-1.17.jar;F:\maven\repository\org\springframework\spring-aop\4.3.10.RELEASE\spring-aop-4.3.10.RELEASE.jar;F:\maven\repository\org\springframework\spring-beans\4.3.10.RELEASE\spring-beans-4.3.10.RELEASE.jar;F:\maven\repository\org\springframework\security\spring-security-config\4.2.3.RELEASE\spring-security-config-4.2.3.RELEASE.jar;F:\maven\repository\org\springframework\security\spring-security-core\4.2.3.RELEASE\spring-security-core-4.2.3.RELEASE.jar;F:\maven\repository\org\springframework\spring-context\4.3.10.RELEASE\spring-context-4.3.10.RELEASE.jar;F:\maven\repository\org\springframework\security\spring-security-web\4.2.3.RELEASE\spring-security-web-4.2.3.RELEASE.jar;F:\maven\repository\org\springframework\spring-expression\4.3.10.RELEASE\spring-expression-4.3.10.RELEASE.jar;F:\maven\repository\org\springframework\spring-web\4.3.10.RELEASE\spring-web-4.3.10.RELEASE.jar;F:\maven\repository\junit\junit\4.11\junit-4.11.jar;F:\maven\repository\org\hamcrest\hamcrest-core\1.3\hamcrest-core-1.3.jar;"/>
    <property name="java.vm.vendor" value="Oracle Corporation"/>
    <property name="sun.arch.data.model" value="64"/>
    <property name="user.variant" value=""/>
    <property name="java.vendor.url" value="http://java.oracle.com/"/>
    <property name="user.timezone" value="Asia/Shanghai"/>
    <property name="java.vm.specification.version" value="1.8"/>
    <property name="os.name" value="Windows 10"/>
    <property name="user.country" value="CN"/>
    <property name="sun.java.launcher" value="SUN_STANDARD"/>
    <property name="sun.boot.library.path" value="C:\Program Files\Java\jre1.8.0_144\bin"/>
    <property name="sun.java.command" value="C:\Users\WENDON~1\AppData\Local\Temp\surefire5512886254702107237\surefirebooter5011996169438877081.jar C:\Users\wendongsong\AppData\Local\Temp\surefire5512886254702107237 2019-04-02T17-10-33_421-jvmRun1 surefire3775445410058607541tmp surefire_03389211187240250294tmp"/>
    <property name="surefire.test.class.path" value="G:\softData\eclipse\workSpaceTest\eureka-server\target\test-classes;G:\softData\eclipse\workSpaceTest\eureka-server\target\classes;F:\maven\repository\org\springframework\cloud\spring-cloud-starter-eureka-server\1.3.4.RELEASE\spring-cloud-starter-eureka-server-1.3.4.RELEASE.jar;F:\maven\repository\org\springframework\cloud\spring-cloud-starter\1.2.3.RELEASE\spring-cloud-starter-1.2.3.RELEASE.jar;F:\maven\repository\org\springframework\cloud\spring-cloud-context\1.2.3.RELEASE\spring-cloud-context-1.2.3.RELEASE.jar;F:\maven\repository\org\springframework\security\spring-security-crypto\4.2.3.RELEASE\spring-security-crypto-4.2.3.RELEASE.jar;F:\maven\repository\org\springframework\cloud\spring-cloud-commons\1.2.3.RELEASE\spring-cloud-commons-1.2.3.RELEASE.jar;F:\maven\repository\org\springframework\security\spring-security-rsa\1.0.3.RELEASE\spring-security-rsa-1.0.3.RELEASE.jar;F:\maven\repository\org\bouncycastle\bcpkix-jdk15on\1.55\bcpkix-jdk15on-1.55.jar;F:\maven\repository\org\bouncycastle\bcprov-jdk15on\1.55\bcprov-jdk15on-1.55.jar;F:\maven\repository\org\springframework\cloud\spring-cloud-netflix-eureka-server\1.3.4.RELEASE\spring-cloud-netflix-eureka-server-1.3.4.RELEASE.jar;F:\maven\repository\org\springframework\boot\spring-boot-starter-web\1.5.6.RELEASE\spring-boot-starter-web-1.5.6.RELEASE.jar;F:\maven\repository\org\springframework\boot\spring-boot-starter-tomcat\1.5.6.RELEASE\spring-boot-starter-tomcat-1.5.6.RELEASE.jar;F:\maven\repository\org\apache\tomcat\embed\tomcat-embed-core\8.5.16\tomcat-embed-core-8.5.16.jar;F:\maven\repository\org\apache\tomcat\embed\tomcat-embed-el\8.5.16\tomcat-embed-el-8.5.16.jar;F:\maven\repository\org\apache\tomcat\embed\tomcat-embed-websocket\8.5.16\tomcat-embed-websocket-8.5.16.jar;F:\maven\repository\org\hibernate\hibernate-validator\5.3.5.Final\hibernate-validator-5.3.5.Final.jar;F:\maven\repository\javax\validation\validation-api\1.1.0.Final\validation-api-1.1.0.Final.jar;F:\maven\repository\org\jboss\logging\jboss-logging\3.3.1.Final\jboss-logging-3.3.1.Final.jar;F:\maven\repository\com\fasterxml\classmate\1.3.3\classmate-1.3.3.jar;F:\maven\repository\org\springframework\spring-webmvc\4.3.10.RELEASE\spring-webmvc-4.3.10.RELEASE.jar;F:\maven\repository\org\springframework\boot\spring-boot-starter-actuator\1.5.6.RELEASE\spring-boot-starter-actuator-1.5.6.RELEASE.jar;F:\maven\repository\org\springframework\boot\spring-boot-actuator\1.5.6.RELEASE\spring-boot-actuator-1.5.6.RELEASE.jar;F:\maven\repository\org\springframework\boot\spring-boot-starter-freemarker\1.5.6.RELEASE\spring-boot-starter-freemarker-1.5.6.RELEASE.jar;F:\maven\repository\org\freemarker\freemarker\2.3.26-incubating\freemarker-2.3.26-incubating.jar;F:\maven\repository\org\springframework\spring-context-support\4.3.10.RELEASE\spring-context-support-4.3.10.RELEASE.jar;F:\maven\repository\org\springframework\cloud\spring-cloud-netflix-core\1.3.4.RELEASE\spring-cloud-netflix-core-1.3.4.RELEASE.jar;F:\maven\repository\org\springframework\cloud\spring-cloud-netflix-eureka-client\1.3.4.RELEASE\spring-cloud-netflix-eureka-client-1.3.4.RELEASE.jar;F:\maven\repository\com\netflix\eureka\eureka-client\1.6.2\eureka-client-1.6.2.jar;F:\maven\repository\org\codehaus\jettison\jettison\1.3.7\jettison-1.3.7.jar;F:\maven\repository\stax\stax-api\1.0.1\stax-api-1.0.1.jar;F:\maven\repository\com\netflix\netflix-commons\netflix-eventbus\0.3.0\netflix-eventbus-0.3.0.jar;F:\maven\repository\com\netflix\netflix-commons\netflix-infix\0.3.0\netflix-infix-0.3.0.jar;F:\maven\repository\commons-jxpath\commons-jxpath\1.3\commons-jxpath-1.3.jar;F:\maven\repository\joda-time\joda-time\2.9.9\joda-time-2.9.9.jar;F:\maven\repository\org\antlr\antlr-runtime\3.4\antlr-runtime-3.4.jar;F:\maven\repository\org\antlr\stringtemplate\3.2.1\stringtemplate-3.2.1.jar;F:\maven\repository\antlr\antlr\2.7.7\antlr-2.7.7.jar;F:\maven\repository\com\google\code\gson\gson\2.8.1\gson-2.8.1.jar;F:\maven\repository\org\apache\commons\commons-math\2.2\commons-math-2.2.jar;F:\maven\repository\javax\ws\rs\jsr311-api\1.1.1\jsr311-api-1.1.1.jar;F:\maven\repository\com\netflix\servo\servo-core\0.10.1\servo-core-0.10.1.jar;F:\maven\repository\com\netflix\servo\servo-internal\0.10.1\servo-internal-0.10.1.jar;F:\maven\repository\com\sun\jersey\jersey-core\1.19.1\jersey-core-1.19.1.jar;F:\maven\repository\com\sun\jersey\jersey-client\1.19.1\jersey-client-1.19.1.jar;F:\maven\repository\com\sun\jersey\contribs\jersey-apache-client4\1.19.1\jersey-apache-client4-1.19.1.jar;F:\maven\repository\org\apache\httpcomponents\httpclient\4.5.3\httpclient-4.5.3.jar;F:\maven\repository\org\apache\httpcomponents\httpcore\4.4.6\httpcore-4.4.6.jar;F:\maven\repository\commons-codec\commons-codec\1.10\commons-codec-1.10.jar;F:\maven\repository\com\google\inject\guice\4.1.0\guice-4.1.0.jar;F:\maven\repository\aopalliance\aopalliance\1.0\aopalliance-1.0.jar;F:\maven\repository\com\sun\jersey\jersey-servlet\1.19.1\jersey-servlet-1.19.1.jar;F:\maven\repository\com\sun\jersey\jersey-server\1.19.1\jersey-server-1.19.1.jar;F:\maven\repository\com\netflix\eureka\eureka-core\1.6.2\eureka-core-1.6.2.jar;F:\maven\repository\org\codehaus\woodstox\woodstox-core-asl\4.4.1\woodstox-core-asl-4.4.1.jar;F:\maven\repository\javax\xml\stream\stax-api\1.0-2\stax-api-1.0-2.jar;F:\maven\repository\com\netflix\archaius\archaius-core\0.7.4\archaius-core-0.7.4.jar;F:\maven\repository\com\google\code\findbugs\jsr305\3.0.1\jsr305-3.0.1.jar;F:\maven\repository\javax\inject\javax.inject\1\javax.inject-1.jar;F:\maven\repository\com\fasterxml\jackson\dataformat\jackson-dataformat-xml\2.8.9\jackson-dataformat-xml-2.8.9.jar;F:\maven\repository\com\fasterxml\jackson\module\jackson-module-jaxb-annotations\2.8.9\jackson-module-jaxb-annotations-2.8.9.jar;F:\maven\repository\org\codehaus\woodstox\stax2-api\3.1.4\stax2-api-3.1.4.jar;F:\maven\repository\com\fasterxml\woodstox\woodstox-core\5.0.3\woodstox-core-5.0.3.jar;F:\maven\repository\com\thoughtworks\xstream\xstream\1.4.9\xstream-1.4.9.jar;F:\maven\repository\xmlpull\xmlpull\1.1.3.1\xmlpull-1.1.3.1.jar;F:\maven\repository\xpp3\xpp3_min\1.1.4c\xpp3_min-1.1.4c.jar;F:\maven\repository\org\springframework\cloud\spring-cloud-starter-archaius\1.3.4.RELEASE\spring-cloud-starter-archaius-1.3.4.RELEASE.jar;F:\maven\repository\commons-configuration\commons-configuration\1.8\commons-configuration-1.8.jar;F:\maven\repository\commons-lang\commons-lang\2.6\commons-lang-2.6.jar;F:\maven\repository\com\fasterxml\jackson\core\jackson-annotations\2.8.0\jackson-annotations-2.8.0.jar;F:\maven\repository\com\fasterxml\jackson\core\jackson-core\2.8.9\jackson-core-2.8.9.jar;F:\maven\repository\com\fasterxml\jackson\core\jackson-databind\2.8.9\jackson-databind-2.8.9.jar;F:\maven\repository\com\google\guava\guava\18.0\guava-18.0.jar;F:\maven\repository\org\springframework\cloud\spring-cloud-starter-ribbon\1.3.4.RELEASE\spring-cloud-starter-ribbon-1.3.4.RELEASE.jar;F:\maven\repository\com\netflix\ribbon\ribbon\2.2.2\ribbon-2.2.2.jar;F:\maven\repository\com\netflix\ribbon\ribbon-transport\2.2.2\ribbon-transport-2.2.2.jar;F:\maven\repository\io\reactivex\rxnetty-contexts\0.4.9\rxnetty-contexts-0.4.9.jar;F:\maven\repository\io\reactivex\rxnetty-servo\0.4.9\rxnetty-servo-0.4.9.jar;F:\maven\repository\com\netflix\hystrix\hystrix-core\1.5.12\hystrix-core-1.5.12.jar;F:\maven\repository\org\hdrhistogram\HdrHistogram\2.1.9\HdrHistogram-2.1.9.jar;F:\maven\repository\io\reactivex\rxnetty\0.4.9\rxnetty-0.4.9.jar;F:\maven\repository\io\netty\netty-codec-http\4.0.27.Final\netty-codec-http-4.0.27.Final.jar;F:\maven\repository\io\netty\netty-codec\4.0.27.Final\netty-codec-4.0.27.Final.jar;F:\maven\repository\io\netty\netty-handler\4.0.27.Final\netty-handler-4.0.27.Final.jar;F:\maven\repository\io\netty\netty-transport-native-epoll\4.0.27.Final\netty-transport-native-epoll-4.0.27.Final.jar;F:\maven\repository\io\netty\netty-common\4.0.27.Final\netty-common-4.0.27.Final.jar;F:\maven\repository\io\netty\netty-buffer\4.0.27.Final\netty-buffer-4.0.27.Final.jar;F:\maven\repository\io\netty\netty-transport\4.0.27.Final\netty-transport-4.0.27.Final.jar;F:\maven\repository\com\netflix\ribbon\ribbon-core\2.2.2\ribbon-core-2.2.2.jar;F:\maven\repository\com\netflix\ribbon\ribbon-httpclient\2.2.2\ribbon-httpclient-2.2.2.jar;F:\maven\repository\commons-collections\commons-collections\3.2.2\commons-collections-3.2.2.jar;F:\maven\repository\com\netflix\netflix-commons\netflix-commons-util\0.1.1\netflix-commons-util-0.1.1.jar;F:\maven\repository\com\netflix\ribbon\ribbon-loadbalancer\2.2.2\ribbon-loadbalancer-2.2.2.jar;F:\maven\repository\com\netflix\netflix-commons\netflix-statistics\0.1.1\netflix-statistics-0.1.1.jar;F:\maven\repository\io\reactivex\rxjava\1.1.10\rxjava-1.1.10.jar;F:\maven\repository\com\netflix\ribbon\ribbon-eureka\2.2.2\ribbon-eureka-2.2.2.jar;F:\maven\repository\org\slf4j\slf4j-api\1.7.25\slf4j-api-1.7.25.jar;F:\maven\repository\org\springframework\boot\spring-boot-starter-security\1.5.6.RELEASE\spring-boot-starter-security-1.5.6.RELEASE.jar;F:\maven\repository\org\springframework\boot\spring-boot-starter\1.5.6.RELEASE\spring-boot-starter-1.5.6.RELEASE.jar;F:\maven\repository\org\springframework\boot\spring-boot\1.5.6.RELEASE\spring-boot-1.5.6.RELEASE.jar;F:\maven\repository\org\springframework\boot\spring-boot-autoconfigure\1.5.6.RELEASE\spring-boot-autoconfigure-1.5.6.RELEASE.jar;F:\maven\repository\org\springframework\boot\spring-boot-starter-logging\1.5.6.RELEASE\spring-boot-starter-logging-1.5.6.RELEASE.jar;F:\maven\repository\ch\qos\logback\logback-classic\1.1.11\logback-classic-1.1.11.jar;F:\maven\repository\ch\qos\logback\logback-core\1.1.11\logback-core-1.1.11.jar;F:\maven\repository\org\slf4j\jcl-over-slf4j\1.7.25\jcl-over-slf4j-1.7.25.jar;F:\maven\repository\org\slf4j\jul-to-slf4j\1.7.25\jul-to-slf4j-1.7.25.jar;F:\maven\repository\org\slf4j\log4j-over-slf4j\1.7.25\log4j-over-slf4j-1.7.25.jar;F:\maven\repository\org\springframework\spring-core\4.3.10.RELEASE\spring-core-4.3.10.RELEASE.jar;F:\maven\repository\org\yaml\snakeyaml\1.17\snakeyaml-1.17.jar;F:\maven\repository\org\springframework\spring-aop\4.3.10.RELEASE\spring-aop-4.3.10.RELEASE.jar;F:\maven\repository\org\springframework\spring-beans\4.3.10.RELEASE\spring-beans-4.3.10.RELEASE.jar;F:\maven\repository\org\springframework\security\spring-security-config\4.2.3.RELEASE\spring-security-config-4.2.3.RELEASE.jar;F:\maven\repository\org\springframework\security\spring-security-core\4.2.3.RELEASE\spring-security-core-4.2.3.RELEASE.jar;F:\maven\repository\org\springframework\spring-context\4.3.10.RELEASE\spring-context-4.3.10.RELEASE.jar;F:\maven\repository\org\springframework\security\spring-security-web\4.2.3.RELEASE\spring-security-web-4.2.3.RELEASE.jar;F:\maven\repository\org\springframework\spring-expression\4.3.10.RELEASE\spring-expression-4.3.10.RELEASE.jar;F:\maven\repository\org\springframework\spring-web\4.3.10.RELEASE\spring-web-4.3.10.RELEASE.jar;F:\maven\repository\junit\junit\4.11\junit-4.11.jar;F:\maven\repository\org\hamcrest\hamcrest-core\1.3\hamcrest-core-1.3.jar;"/>
    <property name="sun.cpu.endian" value="little"/>
    <property name="user.home" value="C:\Users\wendongsong"/>
    <property name="user.language" value="zh"/>
    <property name="java.specification.vendor" value="Oracle Corporation"/>
    <property name="java.home" value="C:\Program Files\Java\jre1.8.0_144"/>
    <property name="basedir" value="G:\softData\eclipse\workSpaceTest\eureka-server"/>
    <property name="file.separator" value="\"/>
    <property name="line.separator" value="&#10;"/>
    <property name="java.vm.specification.vendor" value="Oracle Corporation"/>
    <property name="java.specification.name" value="Java Platform API Specification"/>
    <property name="java.awt.graphicsenv" value="sun.awt.Win32GraphicsEnvironment"/>
    <property name="surefire.real.class.path" value="C:\Users\WENDON~1\AppData\Local\Temp\surefire5512886254702107237\surefirebooter5011996169438877081.jar"/>
    <property name="sun.boot.class.path" value="C:\Program Files\Java\jre1.8.0_144\lib\resources.jar;C:\Program Files\Java\jre1.8.0_144\lib\rt.jar;C:\Program Files\Java\jre1.8.0_144\lib\sunrsasign.jar;C:\Program Files\Java\jre1.8.0_144\lib\jsse.jar;C:\Program Files\Java\jre1.8.0_144\lib\jce.jar;C:\Program Files\Java\jre1.8.0_144\lib\charsets.jar;C:\Program Files\Java\jre1.8.0_144\lib\jfr.jar;C:\Program Files\Java\jre1.8.0_144\classes"/>
    <property name="user.script" value=""/>
    <property name="sun.management.compiler" value="HotSpot 64-Bit Tiered Compilers"/>
    <property name="java.runtime.version" value="1.8.0_144-b01"/>
    <property name="user.name" value="wendongsong"/>
    <property name="path.separator" value=";"/>
    <property name="os.version" value="10.0"/>
    <property name="java.endorsed.dirs" value="C:\Program Files\Java\jre1.8.0_144\lib\endorsed"/>
    <property name="java.runtime.name" value="Java(TM) SE Runtime Environment"/>
    <property name="file.encoding" value="GBK"/>
    <property name="java.vm.name" value="Java HotSpot(TM) 64-Bit Server VM"/>
    <property name="localRepository" value="F:\maven\repository"/>
    <property name="java.vendor.url.bug" value="http://bugreport.sun.com/bugreport/"/>
    <property name="java.io.tmpdir" value="C:\Users\WENDON~1\AppData\Local\Temp\"/>
    <property name="java.version" value="1.8.0_144"/>
    <property name="user.dir" value="G:\softData\eclipse\workSpaceTest\eureka-server"/>
    <property name="os.arch" value="amd64"/>
    <property name="java.vm.specification.name" value="Java Virtual Machine Specification"/>
    <property name="java.awt.printerjob" value="sun.awt.windows.WPrinterJob"/>
    <property name="sun.os.patch.level" value=""/>
    <property name="java.library.path" value="C:\Program Files\Java\jre1.8.0_144\bin;C:\Windows\Sun\Java\bin;C:\Windows\system32;C:\Windows;F:\app\wendongsong\product\11.2.0\client_1;F:\app\wendongsong\product\11.2.0\dbhome_1\bin;C:\ProgramData\Oracle\Java\javapath;C:\Windows\system32;C:\Windows;C:\Windows\System32\Wbem;C:\Windows\System32\WindowsPowerShell\v1.0\;C:\Program Files\Java\jdk1.8.0_144\bin;C:\Program Files\Java\jdk1.8.0_144\jre\bin;G:\softHome\maven\apache-maven-3.5.0\bin;E:\Program Files\TortoiseSVN\bin;C:\Program Files\Git\cmd;C:\Users\wendongsong\AppData\Local\Microsoft\WindowsApps;;."/>
    <property name="java.vm.info" value="mixed mode"/>
    <property name="java.vendor" value="Oracle Corporation"/>
    <property name="java.vm.version" value="25.144-b01"/>
    <property name="java.ext.dirs" value="C:\Program Files\Java\jre1.8.0_144\lib\ext;C:\Windows\Sun\Java\lib\ext"/>
    <property name="sun.io.unicode.encoding" value="UnicodeLittle"/>
    <property name="java.class.version" value="52.0"/>
  </properties>
  <testcase name="shouldAnswerWithTrue" classname="com.wen.springboot.eureka_server.AppTest" time="0.002"/>
</testsuite>